<?xml version="1.0" encoding="UTF-8"?>
<!-- Generated by org.testng.reporters.JUnitReportReporter -->
<testsuite hostname="Sumit-PC" name="com.test.TestLink_Update_Search_Google" tests="1" failures="0" timestamp="8 Aug 2015 13:02:10 GMT" time="37.404" errors="0">
  <testcase name="searchGoogle" time="37.404" classname="com.test.TestLink_Update_Search_Google"/>
</testsuite> <!-- com.test.TestLink_Update_Search_Google -->
